Copyright 1986-2019 Xilinx, Inc. All Rights Reserved.
---------------------------------------------------------------------------------------------------------------------------------------------------------------------------------
| Tool Version : Vivado v.2019.2.1 (lin64) Build 2729669 Thu Dec  5 04:48:12 MST 2019
| Date         : Wed May 13 21:31:13 2020
| Host         : justin-Strix-GL504GV-GL504GV running 64-bit Ubuntu 18.04.2 LTS
| Command      : report_drc -file OLED_LED_BUTTON_design_wrapper_drc_opted.rpt -pb OLED_LED_BUTTON_design_wrapper_drc_opted.pb -rpx OLED_LED_BUTTON_design_wrapper_drc_opted.rpx
| Design       : OLED_LED_BUTTON_design_wrapper
| Device       : xc7z020clg484-1
| Speed File   : -1
| Design State : Synthesized
---------------------------------------------------------------------------------------------------------------------------------------------------------------------------------

Report DRC

Table of Contents
-----------------
1. REPORT SUMMARY
2. REPORT DETAILS

1. REPORT SUMMARY
-----------------
            Netlist: netlist
          Floorplan: design_1
      Design limits: <entire design considered>
           Ruledeck: default
             Max violations: <unlimited>
             Violations found: 0
+------+----------+-------------+------------+
| Rule | Severity | Description | Violations |
+------+----------+-------------+------------+
+------+----------+-------------+------------+

2. REPORT DETAILS
-----------------

